
> frontend@0.1.0 start
> next start

▲ Next.js 16.1.1
- Local:         http://localhost:3000
- Network:       http://192.168.11.33:3000

✓ Starting...
✓ Ready in 757ms

> frontend@0.1.0 start
> next start

▲ Next.js 16.1.1
- Local:         http://localhost:3000
- Network:       http://192.168.11.33:3000

✓ Starting...
✓ Ready in 569ms

> frontend@0.1.0 start
> next start

▲ Next.js 16.1.1
- Local:         http://localhost:3000
- Network:       http://192.168.11.33:3000

✓ Starting...
✓ Ready in 734ms

> frontend@0.1.0 start
> next start

▲ Next.js 16.1.1
- Local:         http://localhost:3000
- Network:       http://192.168.11.33:3000

✓ Starting...
✓ Ready in 607ms
Terminate batch job (Y/N)? 
> frontend@0.1.0 start
> next start

▲ Next.js 16.1.1
- Local:         http://localhost:3000
- Network:       http://192.168.11.33:3000

✓ Starting...
✓ Ready in 795ms

> frontend@0.1.0 start
> next start

▲ Next.js 16.1.1
- Local:         http://localhost:3000
- Network:       http://192.168.11.33:3000

✓ Starting...
✓ Ready in 813ms

> frontend@0.1.0 start
> next start

▲ Next.js 16.1.1
- Local:         http://localhost:3000
- Network:       http://192.168.11.33:3000

✓ Starting...
✓ Ready in 611ms
Terminate batch job (Y/N)? 
> frontend@0.1.0 start
> next start

▲ Next.js 16.1.1
- Local:         http://localhost:3000
- Network:       http://192.168.11.33:3000

✓ Starting...
✓ Ready in 633ms
Terminate batch job (Y/N)? 